net.thumbtack.wintertraining.reminder.ReminderApplication 2019.02.09 23:39:21.461 INFO  [main] n.t.w.r.ReminderApplication: Starting ReminderApplication on DESKTOP-A2QM6V3 with PID 1800 (C:\Users\alexa\Desktop\reminder\target\classes started by Alexandra in C:\Users\alexa\Desktop\reminder)
net.thumbtack.wintertraining.reminder.ReminderApplication 2019.02.09 23:39:21.461 DEBUG [main] n.t.w.r.ReminderApplication: Running with Spring Boot v2.1.2.RELEASE, Spring v5.1.4.RELEASE
net.thumbtack.wintertraining.reminder.ReminderApplication 2019.02.09 23:39:21.461 INFO  [main] n.t.w.r.ReminderApplication: No active profile set, falling back to default profiles: default
org.hibernate.validator.messageinterpolation.ResourceBundleMessageInterpolator 2019.02.09 23:39:21.524 DEBUG [background-preinit] o.h.v.m.ResourceBundleMessageInterpolator: Loaded expression factory via original TCCL
org.hibernate.validator.internal.engine.ValidatorFactoryImpl 2019.02.09 23:39:21.571 DEBUG [background-preinit] o.h.v.i.e.ValidatorFactoryImpl: HV000234: Using org.hibernate.validator.messageinterpolation.ResourceBundleMessageInterpolator as ValidatorFactory-scoped message interpolator.
org.hibernate.validator.internal.engine.ValidatorFactoryImpl 2019.02.09 23:39:21.571 DEBUG [background-preinit] o.h.v.i.e.ValidatorFactoryImpl: HV000234: Using org.hibernate.validator.internal.engine.resolver.TraverseAllTraversableResolver as ValidatorFactory-scoped traversable resolver.
org.hibernate.validator.internal.engine.ValidatorFactoryImpl 2019.02.09 23:39:21.571 DEBUG [background-preinit] o.h.v.i.e.ValidatorFactoryImpl: HV000234: Using org.hibernate.validator.internal.util.ExecutableParameterNameProvider as ValidatorFactory-scoped parameter name provider.
org.hibernate.validator.internal.engine.ValidatorFactoryImpl 2019.02.09 23:39:21.571 DEBUG [background-preinit] o.h.v.i.e.ValidatorFactoryImpl: HV000234: Using org.hibernate.validator.internal.engine.DefaultClockProvider as ValidatorFactory-scoped clock provider.
org.hibernate.validator.internal.engine.ValidatorFactoryImpl 2019.02.09 23:39:21.571 DEBUG [background-preinit] o.h.v.i.e.ValidatorFactoryImpl: HV000234: Using org.hibernate.validator.internal.engine.scripting.DefaultScriptEvaluatorFactory as ValidatorFactory-scoped script evaluator factory.
org.apache.coyote.http11.Http11NioProtocol 2019.02.09 23:39:22.577 INFO  [main] o.a.c.h.Http11NioProtocol: Initializing ProtocolHandler ["http-nio-8080"]
org.apache.catalina.core.StandardService 2019.02.09 23:39:22.592 INFO  [main] o.a.c.c.StandardService: Starting service [Tomcat]
org.apache.catalina.core.StandardEngine 2019.02.09 23:39:22.592 INFO  [main] o.a.c.c.StandardEngine: Starting Servlet engine: [Apache Tomcat/9.0.14]
org.apache.catalina.core.AprLifecycleListener 2019.02.09 23:39:22.592 INFO  [main] o.a.c.c.AprLifecycleListener: The APR based Apache Tomcat Native library which allows optimal performance in production environments was not found on the java.library.path: [C:\Program Files (x86)\Java\jdk1.8.0_171\bin;C:\Windows\Sun\Java\bin;C:\Windows\system32;C:\Windows;C:\Program Files (x86)\Common Files\Oracle\Java\javapath;C:\Windows\system32;C:\Windows;C:\Windows\System32\Wbem;C:\Windows\System32\WindowsPowerShell\v1.0\;C:\Windows\System32\OpenSSH\;C:\Users\alexa\.dnx\bin;C:\Program Files\Microsoft DNX\Dnvm\;C:\Program Files\Microsoft SQL Server\130\Tools\Binn\;C:\Program Files\MySQL\MySQL Utilities 1.6\;C:\Program Files (x86)\NVIDIA Corporation\PhysX\Common;C:\Program Files\TortoiseGit\bin;C:\Program Files\Git\cmd;C:\Program Files\Microsoft SQL Server\120\Tools\Binn\;C:\Program Files (x86)\Windows Kits\8.1\Windows Performance Toolkit\;C:\Users\alexa\AppData\Local\Microsoft\WindowsApps;;.]
org.apache.catalina.core.ContainerBase.[Tomcat].[localhost].[/] 2019.02.09 23:39:22.686 INFO  [main] o.a.c.c.C.[.[.[/]: Initializing Spring embedded WebApplicationContext
org.hibernate.validator.internal.engine.resolver.TraversableResolvers 2019.02.09 23:39:22.733 DEBUG [main] o.h.v.i.e.r.TraversableResolvers: Cannot find javax.persistence.Persistence on classpath. Assuming non JPA 2 environment. All properties will per default be traversable.
org.hibernate.validator.messageinterpolation.ResourceBundleMessageInterpolator 2019.02.09 23:39:22.733 DEBUG [main] o.h.v.m.ResourceBundleMessageInterpolator: Loaded expression factory via original TCCL
org.hibernate.validator.internal.engine.resolver.TraversableResolvers 2019.02.09 23:39:22.733 DEBUG [main] o.h.v.i.e.r.TraversableResolvers: Cannot find javax.persistence.Persistence on classpath. Assuming non JPA 2 environment. All properties will per default be traversable.
org.hibernate.validator.internal.engine.ConfigurationImpl 2019.02.09 23:39:22.733 DEBUG [main] o.h.v.i.e.ConfigurationImpl: Setting custom MessageInterpolator of type org.springframework.validation.beanvalidation.LocaleContextMessageInterpolator
org.hibernate.validator.internal.engine.ConfigurationImpl 2019.02.09 23:39:22.748 DEBUG [main] o.h.v.i.e.ConfigurationImpl: Setting custom ConstraintValidatorFactory of type org.springframework.validation.beanvalidation.SpringConstraintValidatorFactory
org.hibernate.validator.internal.engine.ConfigurationImpl 2019.02.09 23:39:22.748 DEBUG [main] o.h.v.i.e.ConfigurationImpl: Setting custom ParameterNameProvider of type org.springframework.validation.beanvalidation.LocalValidatorFactoryBean$1
org.hibernate.validator.internal.xml.config.ValidationXmlParser 2019.02.09 23:39:22.748 DEBUG [main] o.h.v.i.x.c.ValidationXmlParser: Trying to load META-INF/validation.xml for XML based Validator configuration.
org.hibernate.validator.internal.xml.config.ResourceLoaderHelper 2019.02.09 23:39:22.748 DEBUG [main] o.h.v.i.x.c.ResourceLoaderHelper: Trying to load META-INF/validation.xml via commonUser class loader
org.hibernate.validator.internal.xml.config.ResourceLoaderHelper 2019.02.09 23:39:22.748 DEBUG [main] o.h.v.i.x.c.ResourceLoaderHelper: Trying to load META-INF/validation.xml via TCCL
org.hibernate.validator.internal.xml.config.ResourceLoaderHelper 2019.02.09 23:39:22.748 DEBUG [main] o.h.v.i.x.c.ResourceLoaderHelper: Trying to load META-INF/validation.xml via Hibernate Validator's class loader
org.hibernate.validator.internal.xml.config.ValidationXmlParser 2019.02.09 23:39:22.748 DEBUG [main] o.h.v.i.x.c.ValidationXmlParser: No META-INF/validation.xml found. Using annotation based configuration only.
org.hibernate.validator.internal.engine.ValidatorFactoryImpl 2019.02.09 23:39:22.748 DEBUG [main] o.h.v.i.e.ValidatorFactoryImpl: HV000234: Using org.springframework.validation.beanvalidation.LocaleContextMessageInterpolator as ValidatorFactory-scoped message interpolator.
org.hibernate.validator.internal.engine.ValidatorFactoryImpl 2019.02.09 23:39:22.748 DEBUG [main] o.h.v.i.e.ValidatorFactoryImpl: HV000234: Using org.hibernate.validator.internal.engine.resolver.TraverseAllTraversableResolver as ValidatorFactory-scoped traversable resolver.
org.hibernate.validator.internal.engine.ValidatorFactoryImpl 2019.02.09 23:39:22.748 DEBUG [main] o.h.v.i.e.ValidatorFactoryImpl: HV000234: Using org.hibernate.validator.internal.util.ExecutableParameterNameProvider as ValidatorFactory-scoped parameter name provider.
org.hibernate.validator.internal.engine.ValidatorFactoryImpl 2019.02.09 23:39:22.748 DEBUG [main] o.h.v.i.e.ValidatorFactoryImpl: HV000234: Using org.hibernate.validator.internal.engine.DefaultClockProvider as ValidatorFactory-scoped clock provider.
org.hibernate.validator.internal.engine.ValidatorFactoryImpl 2019.02.09 23:39:22.748 DEBUG [main] o.h.v.i.e.ValidatorFactoryImpl: HV000234: Using org.hibernate.validator.internal.engine.scripting.DefaultScriptEvaluatorFactory as ValidatorFactory-scoped script evaluator factory.
org.apache.coyote.http11.Http11NioProtocol 2019.02.09 23:39:23.004 INFO  [main] o.a.c.h.Http11NioProtocol: Starting ProtocolHandler ["http-nio-8080"]
net.thumbtack.wintertraining.reminder.ReminderApplication 2019.02.09 23:39:23.035 INFO  [main] n.t.w.r.ReminderApplication: Started ReminderApplication in 1.87 seconds (JVM running for 2.423)
org.apache.catalina.core.ContainerBase.[Tomcat].[localhost].[/] 2019.02.09 23:40:00.126 INFO  [http-nio-8080-exec-1] o.a.c.c.C.[.[.[/]: Initializing Spring DispatcherServlet 'dispatcherServlet'
